This file contains any messages produced by compilers while
running configure, to aid debugging if configure makes a mistake.

It was created by sqlcipher configure 3.44.2, which was
generated by GNU Autoconf 2.71.  Invocation command line was

  $ ./configure --enable-tempstore=yes CFLAGS=-DSQLITE_HAS_CODEC LDFLAGS=-lcrypto

## --------- ##
## Platform. ##
## --------- ##

hostname = DESKTOP-BFN6BA9
uname -m = x86_64
uname -r = 4.4.0-22621-Microsoft
uname -s = Linux
uname -v = #2506-Microsoft Fri Jan 01 08:00:00 PST 2016

/usr/bin/uname -p = unknown
/bin/uname -X     = unknown

/bin/arch              = unknown
/usr/bin/arch -k       = unknown
/usr/convex/getsysinfo = unknown
/usr/bin/hostinfo      = unknown
/bin/machine           = unknown
/usr/bin/oslevel       = unknown
/bin/universe          = unknown

PATH: /home/baptoo/.local/bin/
PATH: /mnt/d/BAPTISTE/Informatique/Cours/Cours_Master_1/Annee_Projets/Projet_CRYPTIS/code/blkchn_code_/src/leveldb/build/
PATH: /usr/local/sbin/
PATH: /usr/local/bin/
PATH: /usr/sbin/
PATH: /usr/bin/
PATH: /sbin/
PATH: /bin/
PATH: /usr/games/
PATH: /usr/local/games/
PATH: /mnt/d/BAPTISTE/Informatique/App_info_2/Python/version3_11_3/Scripts/
PATH: /mnt/d/BAPTISTE/Informatique/App_info_2/Python/version3_11_3/
PATH: /mnt/c/Program Files/AdoptOpenJDK/jre-11.0.7.10-hotspot/bin/
PATH: /mnt/d/Appli/VMWare/bin/
PATH: /mnt/c/Program Files (x86)/Common Files/Oracle/Java/javapath/
PATH: /mnt/c/WINDOWS/system32/
PATH: /mnt/c/WINDOWS/
PATH: /mnt/c/WINDOWS/System32/Wbem/
PATH: /mnt/c/WINDOWS/System32/WindowsPowerShell/v1.0/
PATH: /mnt/c/WINDOWS/System32/OpenSSH/
PATH: /mnt/c/Program Files/Java/jdk-17.0.1/bin/
PATH: /mnt/d/BAPTISTE/Informatique/App_info_2/MINGW-W64/mingw64/bin/
PATH: /mnt/d/BAPTISTE/Informatique/App_info_2/GIT/Git2.39.0.2/cmd/
PATH: /mnt/d/BAPTISTE/Informatique/App_info_2/Node.js/node-v18.13.0-win-x64/node-v18.13.0-win-x64/
PATH: /mnt/d/BAPTISTE/Informatique/App_info_2/Go/bin/
PATH: /mnt/c/Program Files/NVIDIA Corporation/NVIDIA NvDLISR/
PATH: /mnt/d/BAPTISTE/Informatique/App_info_2/ARM_gcc/bin/
PATH: /mnt/d/BAPTISTE/Informatique/App_info_2/Python/version3_11_3/Scripts/
PATH: /mnt/c/Users/bapti/AppData/Local/Microsoft/WindowsApps/
PATH: /mnt/d/BAPTISTE/Informatique/App_info_2/IntelliJ/IntelliJ IDEA Community Edition 2021.3/bin/
PATH: /mnt/d/BAPTISTE/Informatique/App_info_2/VSCode/Microsoft VS Code/bin/
PATH: /mnt/d/BAPTISTE/Informatique/App_info_2/CLion/CLion 2021.3.4/bin/
PATH: /mnt/c/Program Files/Java/jdk-19/bin/
PATH: /mnt/d/BAPTISTE/Informatique/App_info_2/PyCharm/PyCharm Community Edition 2022.3.1/bin/
PATH: /mnt/d/BAPTISTE/Informatique/App_info_2/IntelliJ/IntelliJ IDEA Ultimate Edition/bin/
PATH: /mnt/c/Users/bapti/AppData/Local/gitkraken/bin/
PATH: /mnt/d/BAPTISTE/Informatique/App_info_2/WebStorm/app/bin/
PATH: /mnt/c/users/bapti/appdata/roaming/python/python311/scripts/
PATH: /mnt/c/users/bapti/.local/bin/
PATH: /mnt/d/BAPTISTE/Informatique/App_info_2/GoLand/App/bin/
PATH: /mnt/c/Users/bapti/go/bin/
PATH: /mnt/d/BAPTISTE/Informatique/App_info_2/nmap/
PATH: /mnt/d/BAPTISTE/Informatique/App_info_2/PyCharm_pro/app/bin/


## ----------- ##
## Core tests. ##
## ----------- ##

configure:2468: looking for aux files: install-sh config.guess config.sub ltmain.sh
configure:2481:  trying ./
configure:2492:   ./install-sh found
configure:2510:   ./config.guess found
configure:2510:   ./config.sub found
configure:2510:   ./ltmain.sh found
configure:2667: checking build system type
configure:2682: result: x86_64-pc-linux-gnu
configure:2702: checking host system type
configure:2716: result: x86_64-pc-linux-gnu
configure:2757: checking how to print strings
configure:2784: result: printf
configure:2867: checking for gcc
configure:2888: found /usr/bin/gcc
configure:2899: result: gcc
configure:3252: checking for C compiler version
configure:3261: gcc --version >&5
gcc (Debian 10.2.1-6) 10.2.1 20210110
Copyright (C) 2020 Free Software Foundation, Inc.
This is free software; see the source for copying conditions.  There is NO
warranty; not even for MERCHANTABILITY or FITNESS FOR A PARTICULAR PURPOSE.

configure:3272: $? = 0
configure:3261: gcc -v >&5
Using built-in specs.
COLLECT_GCC=gcc
COLLECT_LTO_WRAPPER=/usr/lib/gcc/x86_64-linux-gnu/10/lto-wrapper
OFFLOAD_TARGET_NAMES=nvptx-none:amdgcn-amdhsa:hsa
OFFLOAD_TARGET_DEFAULT=1
Target: x86_64-linux-gnu
Configured with: ../src/configure -v --with-pkgversion='Debian 10.2.1-6' --with-bugurl=file:///usr/share/doc/gcc-10/README.Bugs --enable-languages=c,ada,c++,go,brig,d,fortran,objc,obj-c++,m2 --prefix=/usr --with-gcc-major-version-only --program-suffix=-10 --program-prefix=x86_64-linux-gnu- --enable-shared --enable-linker-build-id --libexecdir=/usr/lib --without-included-gettext --enable-threads=posix --libdir=/usr/lib --enable-nls --enable-bootstrap --enable-clocale=gnu --enable-libstdcxx-debug --enable-libstdcxx-time=yes --with-default-libstdcxx-abi=new --enable-gnu-unique-object --disable-vtable-verify --enable-plugin --enable-default-pie --with-system-zlib --enable-libphobos-checking=release --with-target-system-zlib=auto --enable-objc-gc=auto --enable-multiarch --disable-werror --with-arch-32=i686 --with-abi=m64 --with-multilib-list=m32,m64,mx32 --enable-multilib --with-tune=generic --enable-offload-targets=nvptx-none=/build/gcc-10-Km9U7s/gcc-10-10.2.1/debian/tmp-nvptx/usr,amdgcn-amdhsa=/build/gcc-10-Km9U7s/gcc-10-10.2.1/debian/tmp-gcn/usr,hsa --without-cuda-driver --enable-checking=release --build=x86_64-linux-gnu --host=x86_64-linux-gnu --target=x86_64-linux-gnu --with-build-config=bootstrap-lto-lean --enable-link-mutex
Thread model: posix
Supported LTO compression algorithms: zlib zstd
gcc version 10.2.1 20210110 (Debian 10.2.1-6) 
... rest of stderr output deleted ...
configure:3272: $? = 0
configure:3261: gcc -V >&5
gcc: error: unrecognized command-line option '-V'
gcc: fatal error: no input files
compilation terminated.
configure:3272: $? = 1
configure:3261: gcc -qversion >&5
gcc: error: unrecognized command-line option '-qversion'; did you mean '--version'?
gcc: fatal error: no input files
compilation terminated.
configure:3272: $? = 1
configure:3261: gcc -version >&5
gcc: error: unrecognized command-line option '-version'
gcc: fatal error: no input files
compilation terminated.
configure:3272: $? = 1
configure:3292: checking whether the C compiler works
configure:3314: gcc -DSQLITE_HAS_CODEC  -lcrypto conftest.c  >&5
configure:3318: $? = 0
configure:3368: result: yes
configure:3371: checking for C compiler default output file name
configure:3373: result: a.out
configure:3379: checking for suffix of executables
configure:3386: gcc -o conftest -DSQLITE_HAS_CODEC  -lcrypto conftest.c  >&5
configure:3390: $? = 0
configure:3413: result: 
configure:3435: checking whether we are cross compiling
configure:3443: gcc -o conftest -DSQLITE_HAS_CODEC  -lcrypto conftest.c  >&5
configure:3447: $? = 0
configure:3454: ./conftest
configure:3458: $? = 0
configure:3473: result: no
configure:3478: checking for suffix of object files
configure:3501: gcc -c -DSQLITE_HAS_CODEC  conftest.c >&5
configure:3505: $? = 0
configure:3527: result: o
configure:3531: checking whether the compiler supports GNU C
configure:3551: gcc -c -DSQLITE_HAS_CODEC  conftest.c >&5
configure:3551: $? = 0
configure:3561: result: yes
configure:3572: checking whether gcc accepts -g
configure:3593: gcc -c -g  conftest.c >&5
configure:3593: $? = 0
configure:3637: result: yes
configure:3657: checking for gcc option to enable C11 features
configure:3672: gcc  -c -DSQLITE_HAS_CODEC  conftest.c >&5
configure:3672: $? = 0
configure:3690: result: none needed
configure:3800: checking for a sed that does not truncate output
configure:3870: result: /bin/sed
configure:3888: checking for grep that handles long lines and -e
configure:3952: result: /bin/grep
configure:3957: checking for egrep
configure:4025: result: /bin/grep -E
configure:4030: checking for fgrep
configure:4098: result: /bin/grep -F
configure:4134: checking for ld used by gcc
configure:4202: result: /usr/bin/ld
configure:4209: checking if the linker (/usr/bin/ld) is GNU ld
configure:4225: result: yes
configure:4237: checking for BSD- or MS-compatible name lister (nm)
configure:4292: result: /usr/bin/nm -B
configure:4432: checking the name lister (/usr/bin/nm -B) interface
configure:4440: gcc -c -DSQLITE_HAS_CODEC  conftest.c >&5
configure:4443: /usr/bin/nm -B "conftest.o"
configure:4446: output
0000000000000000 B some_variable
configure:4453: result: BSD nm
configure:4456: checking whether ln -s works
configure:4463: result: no, using cp -pR
configure:4468: checking the maximum length of command line arguments
configure:4600: result: 1572864
configure:4648: checking how to convert x86_64-pc-linux-gnu file names to x86_64-pc-linux-gnu format
configure:4689: result: func_convert_file_noop
configure:4696: checking how to convert x86_64-pc-linux-gnu file names to toolchain format
configure:4717: result: func_convert_file_noop
configure:4724: checking for /usr/bin/ld option to reload object files
configure:4732: result: -r
configure:4811: checking for objdump
configure:4832: found /usr/bin/objdump
configure:4843: result: objdump
configure:4875: checking how to recognize dependent libraries
configure:5076: result: pass_all
configure:5166: checking for dlltool
configure:5201: result: no
configure:5231: checking how to associate runtime and link libraries
configure:5259: result: printf %s\n
configure:5325: checking for ar
configure:5346: found /usr/bin/ar
configure:5357: result: ar
configure:5394: checking for archiver @FILE support
configure:5412: gcc -c -DSQLITE_HAS_CODEC  conftest.c >&5
configure:5412: $? = 0
configure:5416: ar cr libconftest.a @conftest.lst >&5
configure:5419: $? = 0
configure:5424: ar cr libconftest.a @conftest.lst >&5
ar: conftest.o: No such file or directory
configure:5427: $? = 1
configure:5439: result: @
configure:5502: checking for strip
configure:5523: found /usr/bin/strip
configure:5534: result: strip
configure:5611: checking for ranlib
configure:5632: found /usr/bin/ranlib
configure:5643: result: ranlib
configure:5720: checking for gawk
configure:5755: result: no
configure:5720: checking for mawk
configure:5741: found /usr/bin/mawk
configure:5752: result: mawk
configure:5792: checking command to parse /usr/bin/nm -B output from gcc object
configure:5946: gcc -c -DSQLITE_HAS_CODEC  conftest.c >&5
configure:5949: $? = 0
configure:5953: /usr/bin/nm -B conftest.o | sed -n -e 's/^.*[	 ]\([ABCDGIRSTW][ABCDGIRSTW]*\)[	 ][	 ]*\([_A-Za-z][_A-Za-z0-9]*\)$/\1 \2 \2/p' | sed '/ __gnu_lto/d' > conftest.nm
configure:6019: gcc -o conftest -DSQLITE_HAS_CODEC  -lcrypto conftest.c conftstm.o >&5
configure:6022: $? = 0
configure:6060: result: ok
configure:6107: checking for sysroot
configure:6138: result: no
configure:6145: checking for a working dd
configure:6189: result: /bin/dd
configure:6193: checking how to truncate binary pipes
configure:6209: result: /bin/dd bs=4096 count=1
configure:6346: gcc -c -DSQLITE_HAS_CODEC  conftest.c >&5
configure:6349: $? = 0
configure:6546: checking for mt
configure:6567: found /bin/mt
configure:6578: result: mt
configure:6601: checking if mt is a manifest tool
configure:6608: mt '-?'
configure:6616: result: no
configure:7346: checking for stdio.h
configure:7346: gcc -c -DSQLITE_HAS_CODEC  conftest.c >&5
configure:7346: $? = 0
configure:7346: result: yes
configure:7346: checking for stdlib.h
configure:7346: gcc -c -DSQLITE_HAS_CODEC  conftest.c >&5
configure:7346: $? = 0
configure:7346: result: yes
configure:7346: checking for string.h
configure:7346: gcc -c -DSQLITE_HAS_CODEC  conftest.c >&5
configure:7346: $? = 0
configure:7346: result: yes
configure:7346: checking for inttypes.h
configure:7346: gcc -c -DSQLITE_HAS_CODEC  conftest.c >&5
configure:7346: $? = 0
configure:7346: result: yes
configure:7346: checking for stdint.h
configure:7346: gcc -c -DSQLITE_HAS_CODEC  conftest.c >&5
configure:7346: $? = 0
configure:7346: result: yes
configure:7346: checking for strings.h
configure:7346: gcc -c -DSQLITE_HAS_CODEC  conftest.c >&5
configure:7346: $? = 0
configure:7346: result: yes
configure:7346: checking for sys/stat.h
configure:7346: gcc -c -DSQLITE_HAS_CODEC  conftest.c >&5
configure:7346: $? = 0
configure:7346: result: yes
configure:7346: checking for sys/types.h
configure:7346: gcc -c -DSQLITE_HAS_CODEC  conftest.c >&5
configure:7346: $? = 0
configure:7346: result: yes
configure:7346: checking for unistd.h
configure:7346: gcc -c -DSQLITE_HAS_CODEC  conftest.c >&5
configure:7346: $? = 0
configure:7346: result: yes
configure:7371: checking for dlfcn.h
configure:7371: gcc -c -DSQLITE_HAS_CODEC  conftest.c >&5
configure:7371: $? = 0
configure:7371: result: yes
configure:7630: checking for objdir
configure:7646: result: .libs
configure:7906: checking if gcc supports -fno-rtti -fno-exceptions
configure:7925: gcc -c -DSQLITE_HAS_CODEC  -fno-rtti -fno-exceptions conftest.c >&5
cc1: warning: command-line option '-fno-rtti' is valid for C++/D/ObjC++ but not for C
configure:7929: $? = 0
configure:7942: result: no
configure:8306: checking for gcc option to produce PIC
configure:8314: result: -fPIC -DPIC
configure:8322: checking if gcc PIC flag -fPIC -DPIC works
configure:8341: gcc -c -DSQLITE_HAS_CODEC  -fPIC -DPIC -DPIC conftest.c >&5
configure:8345: $? = 0
configure:8358: result: yes
configure:8387: checking if gcc static flag -static works
configure:8416: result: yes
configure:8431: checking if gcc supports -c -o file.o
configure:8453: gcc -c -DSQLITE_HAS_CODEC  -o out/conftest2.o conftest.c >&5
configure:8457: $? = 0
configure:8479: result: yes
configure:8487: checking if gcc supports -c -o file.o
configure:8535: result: yes
configure:8568: checking whether the gcc linker (/usr/bin/ld -m elf_x86_64) supports shared libraries
configure:9838: result: yes
configure:9875: checking whether -lc should be explicitly linked in
configure:9884: gcc -c -DSQLITE_HAS_CODEC  conftest.c >&5
configure:9887: $? = 0
configure:9902: gcc -shared  -fPIC -DPIC conftest.o  -v -Wl,-soname -Wl,conftest -o conftest 2\>\&1 \| /bin/grep  -lc  \>/dev/null 2\>\&1
configure:9905: $? = 0
configure:9919: result: no
configure:10079: checking dynamic linker characteristics
configure:10661: gcc -o conftest -DSQLITE_HAS_CODEC  -lcrypto -Wl,-rpath -Wl,/foo conftest.c  >&5
configure:10661: $? = 0
configure:10912: result: GNU/Linux ld.so
configure:11034: checking how to hardcode library paths into programs
configure:11059: result: immediate
configure:11611: checking whether stripping libraries is possible
configure:11616: result: yes
configure:11651: checking if libtool supports shared libraries
configure:11653: result: yes
configure:11656: checking whether to build shared libraries
configure:11681: result: yes
configure:11684: checking whether to build static libraries
configure:11688: result: yes
configure:11740: checking for a BSD-compatible install
configure:11813: result: /usr/bin/install -c
configure:11836: checking for special C compiler options needed for large files
configure:11884: result: no
configure:11890: checking for _FILE_OFFSET_BITS value needed for large files
configure:11916: gcc -c -DSQLITE_HAS_CODEC  conftest.c >&5
configure:11916: $? = 0
configure:11950: result: no
configure:12035: checking for int8_t
configure:12035: gcc -c -DSQLITE_HAS_CODEC  conftest.c >&5
configure:12035: $? = 0
configure:12035: gcc -c -DSQLITE_HAS_CODEC  conftest.c >&5
conftest.c: In function 'main':
conftest.c:52:21: error: expected expression before ')' token
   52 | if (sizeof ((int8_t)))
      |                     ^
configure:12035: $? = 1
configure: failed program was:
| /* confdefs.h */
| #define PACKAGE_NAME "sqlcipher"
| #define PACKAGE_TARNAME "sqlcipher"
| #define PACKAGE_VERSION "3.44.2"
| #define PACKAGE_STRING "sqlcipher 3.44.2"
| #define PACKAGE_BUGREPORT ""
| #define PACKAGE_URL ""
| #define HAVE_STDIO_H 1
| #define HAVE_STDLIB_H 1
| #define HAVE_STRING_H 1
| #define HAVE_INTTYPES_H 1
| #define HAVE_STDINT_H 1
| #define HAVE_STRINGS_H 1
| #define HAVE_SYS_STAT_H 1
| #define HAVE_SYS_TYPES_H 1
| #define HAVE_UNISTD_H 1
| #define STDC_HEADERS 1
| #define HAVE_DLFCN_H 1
| #define LT_OBJDIR ".libs/"
| /* end confdefs.h.  */
| #include <stddef.h>
| #ifdef HAVE_STDIO_H
| # include <stdio.h>
| #endif
| #ifdef HAVE_STDLIB_H
| # include <stdlib.h>
| #endif
| #ifdef HAVE_STRING_H
| # include <string.h>
| #endif
| #ifdef HAVE_INTTYPES_H
| # include <inttypes.h>
| #endif
| #ifdef HAVE_STDINT_H
| # include <stdint.h>
| #endif
| #ifdef HAVE_STRINGS_H
| # include <strings.h>
| #endif
| #ifdef HAVE_SYS_TYPES_H
| # include <sys/types.h>
| #endif
| #ifdef HAVE_SYS_STAT_H
| # include <sys/stat.h>
| #endif
| #ifdef HAVE_UNISTD_H
| # include <unistd.h>
| #endif
| int
| main (void)
| {
| if (sizeof ((int8_t)))
| 	    return 0;
|   ;
|   return 0;
| }
configure:12035: result: yes
configure:12043: checking for int16_t
configure:12043: gcc -c -DSQLITE_HAS_CODEC  conftest.c >&5
configure:12043: $? = 0
configure:12043: gcc -c -DSQLITE_HAS_CODEC  conftest.c >&5
conftest.c: In function 'main':
conftest.c:53:22: error: expected expression before ')' token
   53 | if (sizeof ((int16_t)))
      |                      ^
configure:12043: $? = 1
configure: failed program was:
| /* confdefs.h */
| #define PACKAGE_NAME "sqlcipher"
| #define PACKAGE_TARNAME "sqlcipher"
| #define PACKAGE_VERSION "3.44.2"
| #define PACKAGE_STRING "sqlcipher 3.44.2"
| #define PACKAGE_BUGREPORT ""
| #define PACKAGE_URL ""
| #define HAVE_STDIO_H 1
| #define HAVE_STDLIB_H 1
| #define HAVE_STRING_H 1
| #define HAVE_INTTYPES_H 1
| #define HAVE_STDINT_H 1
| #define HAVE_STRINGS_H 1
| #define HAVE_SYS_STAT_H 1
| #define HAVE_SYS_TYPES_H 1
| #define HAVE_UNISTD_H 1
| #define STDC_HEADERS 1
| #define HAVE_DLFCN_H 1
| #define LT_OBJDIR ".libs/"
| #define HAVE_INT8_T 1
| /* end confdefs.h.  */
| #include <stddef.h>
| #ifdef HAVE_STDIO_H
| # include <stdio.h>
| #endif
| #ifdef HAVE_STDLIB_H
| # include <stdlib.h>
| #endif
| #ifdef HAVE_STRING_H
| # include <string.h>
| #endif
| #ifdef HAVE_INTTYPES_H
| # include <inttypes.h>
| #endif
| #ifdef HAVE_STDINT_H
| # include <stdint.h>
| #endif
| #ifdef HAVE_STRINGS_H
| # include <strings.h>
| #endif
| #ifdef HAVE_SYS_TYPES_H
| # include <sys/types.h>
| #endif
| #ifdef HAVE_SYS_STAT_H
| # include <sys/stat.h>
| #endif
| #ifdef HAVE_UNISTD_H
| # include <unistd.h>
| #endif
| int
| main (void)
| {
| if (sizeof ((int16_t)))
| 	    return 0;
|   ;
|   return 0;
| }
configure:12043: result: yes
configure:12051: checking for int32_t
configure:12051: gcc -c -DSQLITE_HAS_CODEC  conftest.c >&5
configure:12051: $? = 0
configure:12051: gcc -c -DSQLITE_HAS_CODEC  conftest.c >&5
conftest.c: In function 'main':
conftest.c:54:22: error: expected expression before ')' token
   54 | if (sizeof ((int32_t)))
      |                      ^
configure:12051: $? = 1
configure: failed program was:
| /* confdefs.h */
| #define PACKAGE_NAME "sqlcipher"
| #define PACKAGE_TARNAME "sqlcipher"
| #define PACKAGE_VERSION "3.44.2"
| #define PACKAGE_STRING "sqlcipher 3.44.2"
| #define PACKAGE_BUGREPORT ""
| #define PACKAGE_URL ""
| #define HAVE_STDIO_H 1
| #define HAVE_STDLIB_H 1
| #define HAVE_STRING_H 1
| #define HAVE_INTTYPES_H 1
| #define HAVE_STDINT_H 1
| #define HAVE_STRINGS_H 1
| #define HAVE_SYS_STAT_H 1
| #define HAVE_SYS_TYPES_H 1
| #define HAVE_UNISTD_H 1
| #define STDC_HEADERS 1
| #define HAVE_DLFCN_H 1
| #define LT_OBJDIR ".libs/"
| #define HAVE_INT8_T 1
| #define HAVE_INT16_T 1
| /* end confdefs.h.  */
| #include <stddef.h>
| #ifdef HAVE_STDIO_H
| # include <stdio.h>
| #endif
| #ifdef HAVE_STDLIB_H
| # include <stdlib.h>
| #endif
| #ifdef HAVE_STRING_H
| # include <string.h>
| #endif
| #ifdef HAVE_INTTYPES_H
| # include <inttypes.h>
| #endif
| #ifdef HAVE_STDINT_H
| # include <stdint.h>
| #endif
| #ifdef HAVE_STRINGS_H
| # include <strings.h>
| #endif
| #ifdef HAVE_SYS_TYPES_H
| # include <sys/types.h>
| #endif
| #ifdef HAVE_SYS_STAT_H
| # include <sys/stat.h>
| #endif
| #ifdef HAVE_UNISTD_H
| # include <unistd.h>
| #endif
| int
| main (void)
| {
| if (sizeof ((int32_t)))
| 	    return 0;
|   ;
|   return 0;
| }
configure:12051: result: yes
configure:12059: checking for int64_t
configure:12059: gcc -c -DSQLITE_HAS_CODEC  conftest.c >&5
configure:12059: $? = 0
configure:12059: gcc -c -DSQLITE_HAS_CODEC  conftest.c >&5
conftest.c: In function 'main':
conftest.c:55:22: error: expected expression before ')' token
   55 | if (sizeof ((int64_t)))
      |                      ^
configure:12059: $? = 1
configure: failed program was:
| /* confdefs.h */
| #define PACKAGE_NAME "sqlcipher"
| #define PACKAGE_TARNAME "sqlcipher"
| #define PACKAGE_VERSION "3.44.2"
| #define PACKAGE_STRING "sqlcipher 3.44.2"
| #define PACKAGE_BUGREPORT ""
| #define PACKAGE_URL ""
| #define HAVE_STDIO_H 1
| #define HAVE_STDLIB_H 1
| #define HAVE_STRING_H 1
| #define HAVE_INTTYPES_H 1
| #define HAVE_STDINT_H 1
| #define HAVE_STRINGS_H 1
| #define HAVE_SYS_STAT_H 1
| #define HAVE_SYS_TYPES_H 1
| #define HAVE_UNISTD_H 1
| #define STDC_HEADERS 1
| #define HAVE_DLFCN_H 1
| #define LT_OBJDIR ".libs/"
| #define HAVE_INT8_T 1
| #define HAVE_INT16_T 1
| #define HAVE_INT32_T 1
| /* end confdefs.h.  */
| #include <stddef.h>
| #ifdef HAVE_STDIO_H
| # include <stdio.h>
| #endif
| #ifdef HAVE_STDLIB_H
| # include <stdlib.h>
| #endif
| #ifdef HAVE_STRING_H
| # include <string.h>
| #endif
| #ifdef HAVE_INTTYPES_H
| # include <inttypes.h>
| #endif
| #ifdef HAVE_STDINT_H
| # include <stdint.h>
| #endif
| #ifdef HAVE_STRINGS_H
| # include <strings.h>
| #endif
| #ifdef HAVE_SYS_TYPES_H
| # include <sys/types.h>
| #endif
| #ifdef HAVE_SYS_STAT_H
| # include <sys/stat.h>
| #endif
| #ifdef HAVE_UNISTD_H
| # include <unistd.h>
| #endif
| int
| main (void)
| {
| if (sizeof ((int64_t)))
| 	    return 0;
|   ;
|   return 0;
| }
configure:12059: result: yes
configure:12067: checking for intptr_t
configure:12067: gcc -c -DSQLITE_HAS_CODEC  conftest.c >&5
configure:12067: $? = 0
configure:12067: gcc -c -DSQLITE_HAS_CODEC  conftest.c >&5
conftest.c: In function 'main':
conftest.c:56:23: error: expected expression before ')' token
   56 | if (sizeof ((intptr_t)))
      |                       ^
configure:12067: $? = 1
configure: failed program was:
| /* confdefs.h */
| #define PACKAGE_NAME "sqlcipher"
| #define PACKAGE_TARNAME "sqlcipher"
| #define PACKAGE_VERSION "3.44.2"
| #define PACKAGE_STRING "sqlcipher 3.44.2"
| #define PACKAGE_BUGREPORT ""
| #define PACKAGE_URL ""
| #define HAVE_STDIO_H 1
| #define HAVE_STDLIB_H 1
| #define HAVE_STRING_H 1
| #define HAVE_INTTYPES_H 1
| #define HAVE_STDINT_H 1
| #define HAVE_STRINGS_H 1
| #define HAVE_SYS_STAT_H 1
| #define HAVE_SYS_TYPES_H 1
| #define HAVE_UNISTD_H 1
| #define STDC_HEADERS 1
| #define HAVE_DLFCN_H 1
| #define LT_OBJDIR ".libs/"
| #define HAVE_INT8_T 1
| #define HAVE_INT16_T 1
| #define HAVE_INT32_T 1
| #define HAVE_INT64_T 1
| /* end confdefs.h.  */
| #include <stddef.h>
| #ifdef HAVE_STDIO_H
| # include <stdio.h>
| #endif
| #ifdef HAVE_STDLIB_H
| # include <stdlib.h>
| #endif
| #ifdef HAVE_STRING_H
| # include <string.h>
| #endif
| #ifdef HAVE_INTTYPES_H
| # include <inttypes.h>
| #endif
| #ifdef HAVE_STDINT_H
| # include <stdint.h>
| #endif
| #ifdef HAVE_STRINGS_H
| # include <strings.h>
| #endif
| #ifdef HAVE_SYS_TYPES_H
| # include <sys/types.h>
| #endif
| #ifdef HAVE_SYS_STAT_H
| # include <sys/stat.h>
| #endif
| #ifdef HAVE_UNISTD_H
| # include <unistd.h>
| #endif
| int
| main (void)
| {
| if (sizeof ((intptr_t)))
| 	    return 0;
|   ;
|   return 0;
| }
configure:12067: result: yes
configure:12075: checking for uint8_t
configure:12075: gcc -c -DSQLITE_HAS_CODEC  conftest.c >&5
configure:12075: $? = 0
configure:12075: gcc -c -DSQLITE_HAS_CODEC  conftest.c >&5
conftest.c: In function 'main':
conftest.c:57:22: error: expected expression before ')' token
   57 | if (sizeof ((uint8_t)))
      |                      ^
configure:12075: $? = 1
configure: failed program was:
| /* confdefs.h */
| #define PACKAGE_NAME "sqlcipher"
| #define PACKAGE_TARNAME "sqlcipher"
| #define PACKAGE_VERSION "3.44.2"
| #define PACKAGE_STRING "sqlcipher 3.44.2"
| #define PACKAGE_BUGREPORT ""
| #define PACKAGE_URL ""
| #define HAVE_STDIO_H 1
| #define HAVE_STDLIB_H 1
| #define HAVE_STRING_H 1
| #define HAVE_INTTYPES_H 1
| #define HAVE_STDINT_H 1
| #define HAVE_STRINGS_H 1
| #define HAVE_SYS_STAT_H 1
| #define HAVE_SYS_TYPES_H 1
| #define HAVE_UNISTD_H 1
| #define STDC_HEADERS 1
| #define HAVE_DLFCN_H 1
| #define LT_OBJDIR ".libs/"
| #define HAVE_INT8_T 1
| #define HAVE_INT16_T 1
| #define HAVE_INT32_T 1
| #define HAVE_INT64_T 1
| #define HAVE_INTPTR_T 1
| /* end confdefs.h.  */
| #include <stddef.h>
| #ifdef HAVE_STDIO_H
| # include <stdio.h>
| #endif
| #ifdef HAVE_STDLIB_H
| # include <stdlib.h>
| #endif
| #ifdef HAVE_STRING_H
| # include <string.h>
| #endif
| #ifdef HAVE_INTTYPES_H
| # include <inttypes.h>
| #endif
| #ifdef HAVE_STDINT_H
| # include <stdint.h>
| #endif
| #ifdef HAVE_STRINGS_H
| # include <strings.h>
| #endif
| #ifdef HAVE_SYS_TYPES_H
| # include <sys/types.h>
| #endif
| #ifdef HAVE_SYS_STAT_H
| # include <sys/stat.h>
| #endif
| #ifdef HAVE_UNISTD_H
| # include <unistd.h>
| #endif
| int
| main (void)
| {
| if (sizeof ((uint8_t)))
| 	    return 0;
|   ;
|   return 0;
| }
configure:12075: result: yes
configure:12083: checking for uint16_t
configure:12083: gcc -c -DSQLITE_HAS_CODEC  conftest.c >&5
configure:12083: $? = 0
configure:12083: gcc -c -DSQLITE_HAS_CODEC  conftest.c >&5
conftest.c: In function 'main':
conftest.c:58:23: error: expected expression before ')' token
   58 | if (sizeof ((uint16_t)))
      |                       ^
configure:12083: $? = 1
configure: failed program was:
| /* confdefs.h */
| #define PACKAGE_NAME "sqlcipher"
| #define PACKAGE_TARNAME "sqlcipher"
| #define PACKAGE_VERSION "3.44.2"
| #define PACKAGE_STRING "sqlcipher 3.44.2"
| #define PACKAGE_BUGREPORT ""
| #define PACKAGE_URL ""
| #define HAVE_STDIO_H 1
| #define HAVE_STDLIB_H 1
| #define HAVE_STRING_H 1
| #define HAVE_INTTYPES_H 1
| #define HAVE_STDINT_H 1
| #define HAVE_STRINGS_H 1
| #define HAVE_SYS_STAT_H 1
| #define HAVE_SYS_TYPES_H 1
| #define HAVE_UNISTD_H 1
| #define STDC_HEADERS 1
| #define HAVE_DLFCN_H 1
| #define LT_OBJDIR ".libs/"
| #define HAVE_INT8_T 1
| #define HAVE_INT16_T 1
| #define HAVE_INT32_T 1
| #define HAVE_INT64_T 1
| #define HAVE_INTPTR_T 1
| #define HAVE_UINT8_T 1
| /* end confdefs.h.  */
| #include <stddef.h>
| #ifdef HAVE_STDIO_H
| # include <stdio.h>
| #endif
| #ifdef HAVE_STDLIB_H
| # include <stdlib.h>
| #endif
| #ifdef HAVE_STRING_H
| # include <string.h>
| #endif
| #ifdef HAVE_INTTYPES_H
| # include <inttypes.h>
| #endif
| #ifdef HAVE_STDINT_H
| # include <stdint.h>
| #endif
| #ifdef HAVE_STRINGS_H
| # include <strings.h>
| #endif
| #ifdef HAVE_SYS_TYPES_H
| # include <sys/types.h>
| #endif
| #ifdef HAVE_SYS_STAT_H
| # include <sys/stat.h>
| #endif
| #ifdef HAVE_UNISTD_H
| # include <unistd.h>
| #endif
| int
| main (void)
| {
| if (sizeof ((uint16_t)))
| 	    return 0;
|   ;
|   return 0;
| }
configure:12083: result: yes
configure:12091: checking for uint32_t
configure:12091: gcc -c -DSQLITE_HAS_CODEC  conftest.c >&5
configure:12091: $? = 0
configure:12091: gcc -c -DSQLITE_HAS_CODEC  conftest.c >&5
conftest.c: In function 'main':
conftest.c:59:23: error: expected expression before ')' token
   59 | if (sizeof ((uint32_t)))
      |                       ^
configure:12091: $? = 1
configure: failed program was:
| /* confdefs.h */
| #define PACKAGE_NAME "sqlcipher"
| #define PACKAGE_TARNAME "sqlcipher"
| #define PACKAGE_VERSION "3.44.2"
| #define PACKAGE_STRING "sqlcipher 3.44.2"
| #define PACKAGE_BUGREPORT ""
| #define PACKAGE_URL ""
| #define HAVE_STDIO_H 1
| #define HAVE_STDLIB_H 1
| #define HAVE_STRING_H 1
| #define HAVE_INTTYPES_H 1
| #define HAVE_STDINT_H 1
| #define HAVE_STRINGS_H 1
| #define HAVE_SYS_STAT_H 1
| #define HAVE_SYS_TYPES_H 1
| #define HAVE_UNISTD_H 1
| #define STDC_HEADERS 1
| #define HAVE_DLFCN_H 1
| #define LT_OBJDIR ".libs/"
| #define HAVE_INT8_T 1
| #define HAVE_INT16_T 1
| #define HAVE_INT32_T 1
| #define HAVE_INT64_T 1
| #define HAVE_INTPTR_T 1
| #define HAVE_UINT8_T 1
| #define HAVE_UINT16_T 1
| /* end confdefs.h.  */
| #include <stddef.h>
| #ifdef HAVE_STDIO_H
| # include <stdio.h>
| #endif
| #ifdef HAVE_STDLIB_H
| # include <stdlib.h>
| #endif
| #ifdef HAVE_STRING_H
| # include <string.h>
| #endif
| #ifdef HAVE_INTTYPES_H
| # include <inttypes.h>
| #endif
| #ifdef HAVE_STDINT_H
| # include <stdint.h>
| #endif
| #ifdef HAVE_STRINGS_H
| # include <strings.h>
| #endif
| #ifdef HAVE_SYS_TYPES_H
| # include <sys/types.h>
| #endif
| #ifdef HAVE_SYS_STAT_H
| # include <sys/stat.h>
| #endif
| #ifdef HAVE_UNISTD_H
| # include <unistd.h>
| #endif
| int
| main (void)
| {
| if (sizeof ((uint32_t)))
| 	    return 0;
|   ;
|   return 0;
| }
configure:12091: result: yes
configure:12099: checking for uint64_t
configure:12099: gcc -c -DSQLITE_HAS_CODEC  conftest.c >&5
configure:12099: $? = 0
configure:12099: gcc -c -DSQLITE_HAS_CODEC  conftest.c >&5
conftest.c: In function 'main':
conftest.c:60:23: error: expected expression before ')' token
   60 | if (sizeof ((uint64_t)))
      |                       ^
configure:12099: $? = 1
configure: failed program was:
| /* confdefs.h */
| #define PACKAGE_NAME "sqlcipher"
| #define PACKAGE_TARNAME "sqlcipher"
| #define PACKAGE_VERSION "3.44.2"
| #define PACKAGE_STRING "sqlcipher 3.44.2"
| #define PACKAGE_BUGREPORT ""
| #define PACKAGE_URL ""
| #define HAVE_STDIO_H 1
| #define HAVE_STDLIB_H 1
| #define HAVE_STRING_H 1
| #define HAVE_INTTYPES_H 1
| #define HAVE_STDINT_H 1
| #define HAVE_STRINGS_H 1
| #define HAVE_SYS_STAT_H 1
| #define HAVE_SYS_TYPES_H 1
| #define HAVE_UNISTD_H 1
| #define STDC_HEADERS 1
| #define HAVE_DLFCN_H 1
| #define LT_OBJDIR ".libs/"
| #define HAVE_INT8_T 1
| #define HAVE_INT16_T 1
| #define HAVE_INT32_T 1
| #define HAVE_INT64_T 1
| #define HAVE_INTPTR_T 1
| #define HAVE_UINT8_T 1
| #define HAVE_UINT16_T 1
| #define HAVE_UINT32_T 1
| /* end confdefs.h.  */
| #include <stddef.h>
| #ifdef HAVE_STDIO_H
| # include <stdio.h>
| #endif
| #ifdef HAVE_STDLIB_H
| # include <stdlib.h>
| #endif
| #ifdef HAVE_STRING_H
| # include <string.h>
| #endif
| #ifdef HAVE_INTTYPES_H
| # include <inttypes.h>
| #endif
| #ifdef HAVE_STDINT_H
| # include <stdint.h>
| #endif
| #ifdef HAVE_STRINGS_H
| # include <strings.h>
| #endif
| #ifdef HAVE_SYS_TYPES_H
| # include <sys/types.h>
| #endif
| #ifdef HAVE_SYS_STAT_H
| # include <sys/stat.h>
| #endif
| #ifdef HAVE_UNISTD_H
| # include <unistd.h>
| #endif
| int
| main (void)
| {
| if (sizeof ((uint64_t)))
| 	    return 0;
|   ;
|   return 0;
| }
configure:12099: result: yes
configure:12107: checking for uintptr_t
configure:12107: gcc -c -DSQLITE_HAS_CODEC  conftest.c >&5
configure:12107: $? = 0
configure:12107: gcc -c -DSQLITE_HAS_CODEC  conftest.c >&5
conftest.c: In function 'main':
conftest.c:61:24: error: expected expression before ')' token
   61 | if (sizeof ((uintptr_t)))
      |                        ^
configure:12107: $? = 1
configure: failed program was:
| /* confdefs.h */
| #define PACKAGE_NAME "sqlcipher"
| #define PACKAGE_TARNAME "sqlcipher"
| #define PACKAGE_VERSION "3.44.2"
| #define PACKAGE_STRING "sqlcipher 3.44.2"
| #define PACKAGE_BUGREPORT ""
| #define PACKAGE_URL ""
| #define HAVE_STDIO_H 1
| #define HAVE_STDLIB_H 1
| #define HAVE_STRING_H 1
| #define HAVE_INTTYPES_H 1
| #define HAVE_STDINT_H 1
| #define HAVE_STRINGS_H 1
| #define HAVE_SYS_STAT_H 1
| #define HAVE_SYS_TYPES_H 1
| #define HAVE_UNISTD_H 1
| #define STDC_HEADERS 1
| #define HAVE_DLFCN_H 1
| #define LT_OBJDIR ".libs/"
| #define HAVE_INT8_T 1
| #define HAVE_INT16_T 1
| #define HAVE_INT32_T 1
| #define HAVE_INT64_T 1
| #define HAVE_INTPTR_T 1
| #define HAVE_UINT8_T 1
| #define HAVE_UINT16_T 1
| #define HAVE_UINT32_T 1
| #define HAVE_UINT64_T 1
| /* end confdefs.h.  */
| #include <stddef.h>
| #ifdef HAVE_STDIO_H
| # include <stdio.h>
| #endif
| #ifdef HAVE_STDLIB_H
| # include <stdlib.h>
| #endif
| #ifdef HAVE_STRING_H
| # include <string.h>
| #endif
| #ifdef HAVE_INTTYPES_H
| # include <inttypes.h>
| #endif
| #ifdef HAVE_STDINT_H
| # include <stdint.h>
| #endif
| #ifdef HAVE_STRINGS_H
| # include <strings.h>
| #endif
| #ifdef HAVE_SYS_TYPES_H
| # include <sys/types.h>
| #endif
| #ifdef HAVE_SYS_STAT_H
| # include <sys/stat.h>
| #endif
| #ifdef HAVE_UNISTD_H
| # include <unistd.h>
| #endif
| int
| main (void)
| {
| if (sizeof ((uintptr_t)))
| 	    return 0;
|   ;
|   return 0;
| }
configure:12107: result: yes
configure:12119: checking for sys/types.h
configure:12119: result: yes
configure:12125: checking for stdlib.h
configure:12125: result: yes
configure:12131: checking for stdint.h
configure:12131: result: yes
configure:12137: checking for inttypes.h
configure:12137: result: yes
configure:12143: checking for malloc.h
configure:12143: gcc -c -DSQLITE_HAS_CODEC  conftest.c >&5
configure:12143: $? = 0
configure:12143: result: yes
configure:12154: checking for fdatasync
configure:12154: gcc -o conftest -DSQLITE_HAS_CODEC  -lcrypto conftest.c  >&5
configure:12154: $? = 0
configure:12154: result: yes
configure:12160: checking for gmtime_r
configure:12160: gcc -o conftest -DSQLITE_HAS_CODEC  -lcrypto conftest.c  >&5
configure:12160: $? = 0
configure:12160: result: yes
configure:12166: checking for isnan
configure:12166: gcc -o conftest -DSQLITE_HAS_CODEC  -lcrypto conftest.c  >&5
conftest.c:54:6: warning: conflicting types for built-in function 'isnan'; expected 'int()' [-Wbuiltin-declaration-mismatch]
   54 | char isnan ();
      |      ^~~~~
conftest.c:46:1: note: 'isnan' is declared in header '<math.h>'
   45 | #include <limits.h>
   46 | #undef isnan
configure:12166: $? = 0
configure:12166: result: yes
configure:12172: checking for localtime_r
configure:12172: gcc -o conftest -DSQLITE_HAS_CODEC  -lcrypto conftest.c  >&5
configure:12172: $? = 0
configure:12172: result: yes
configure:12178: checking for localtime_s
configure:12178: gcc -o conftest -DSQLITE_HAS_CODEC  -lcrypto conftest.c  >&5
/usr/bin/ld: /tmp/ccwbvjrE.o: in function `main':
conftest.c:(.text+0xa): undefined reference to `localtime_s'
collect2: error: ld returned 1 exit status
configure:12178: $? = 1
configure: failed program was:
| /* confdefs.h */
| #define PACKAGE_NAME "sqlcipher"
| #define PACKAGE_TARNAME "sqlcipher"
| #define PACKAGE_VERSION "3.44.2"
| #define PACKAGE_STRING "sqlcipher 3.44.2"
| #define PACKAGE_BUGREPORT ""
| #define PACKAGE_URL ""
| #define HAVE_STDIO_H 1
| #define HAVE_STDLIB_H 1
| #define HAVE_STRING_H 1
| #define HAVE_INTTYPES_H 1
| #define HAVE_STDINT_H 1
| #define HAVE_STRINGS_H 1
| #define HAVE_SYS_STAT_H 1
| #define HAVE_SYS_TYPES_H 1
| #define HAVE_UNISTD_H 1
| #define STDC_HEADERS 1
| #define HAVE_DLFCN_H 1
| #define LT_OBJDIR ".libs/"
| #define HAVE_INT8_T 1
| #define HAVE_INT16_T 1
| #define HAVE_INT32_T 1
| #define HAVE_INT64_T 1
| #define HAVE_INTPTR_T 1
| #define HAVE_UINT8_T 1
| #define HAVE_UINT16_T 1
| #define HAVE_UINT32_T 1
| #define HAVE_UINT64_T 1
| #define HAVE_UINTPTR_T 1
| #define HAVE_SYS_TYPES_H 1
| #define HAVE_STDLIB_H 1
| #define HAVE_STDINT_H 1
| #define HAVE_INTTYPES_H 1
| #define HAVE_MALLOC_H 1
| #define HAVE_FDATASYNC 1
| #define HAVE_GMTIME_R 1
| #define HAVE_ISNAN 1
| #define HAVE_LOCALTIME_R 1
| /* end confdefs.h.  */
| /* Define localtime_s to an innocuous variant, in case <limits.h> declares localtime_s.
|    For example, HP-UX 11i <limits.h> declares gettimeofday.  */
| #define localtime_s innocuous_localtime_s
| 
| /* System header to define __stub macros and hopefully few prototypes,
|    which can conflict with char localtime_s (); below.  */
| 
| #include <limits.h>
| #undef localtime_s
| 
| /* Override any GCC internal prototype to avoid an error.
|    Use char because int might match the return type of a GCC
|    builtin and then its argument prototype would still apply.  */
| #ifdef __cplusplus
| extern "C"
| #endif
| char localtime_s ();
| /* The GNU C library defines this for functions which it implements
|     to always fail with ENOSYS.  Some functions are actually named
|     something starting with __ and the normal name is an alias.  */
| #if defined __stub_localtime_s || defined __stub___localtime_s
| choke me
| #endif
| 
| int
| main (void)
| {
| return localtime_s ();
|   ;
|   return 0;
| }
configure:12178: result: no
configure:12184: checking for malloc_usable_size
configure:12184: gcc -o conftest -DSQLITE_HAS_CODEC  -lcrypto conftest.c  >&5
configure:12184: $? = 0
configure:12184: result: yes
configure:12190: checking for strchrnul
configure:12190: gcc -o conftest -DSQLITE_HAS_CODEC  -lcrypto conftest.c  >&5
configure:12190: $? = 0
configure:12190: result: yes
configure:12196: checking for usleep
configure:12196: gcc -o conftest -DSQLITE_HAS_CODEC  -lcrypto conftest.c  >&5
configure:12196: $? = 0
configure:12196: result: yes
configure:12202: checking for utime
configure:12202: gcc -o conftest -DSQLITE_HAS_CODEC  -lcrypto conftest.c  >&5
configure:12202: $? = 0
configure:12202: result: yes
configure:12208: checking for pread
configure:12208: gcc -o conftest -DSQLITE_HAS_CODEC  -lcrypto conftest.c  >&5
configure:12208: $? = 0
configure:12208: result: yes
configure:12214: checking for pread64
configure:12214: gcc -o conftest -DSQLITE_HAS_CODEC  -lcrypto conftest.c  >&5
configure:12214: $? = 0
configure:12214: result: yes
configure:12220: checking for pwrite
configure:12220: gcc -o conftest -DSQLITE_HAS_CODEC  -lcrypto conftest.c  >&5
configure:12220: $? = 0
configure:12220: result: yes
configure:12226: checking for pwrite64
configure:12226: gcc -o conftest -DSQLITE_HAS_CODEC  -lcrypto conftest.c  >&5
configure:12226: $? = 0
configure:12226: result: yes
configure:12248: checking for tclsh8.7
configure:12283: result: no
configure:12248: checking for tclsh8.6
configure:12269: found /usr/bin/tclsh8.6
configure:12280: result: tclsh8.6
configure:12322: Version set to 3.44
configure:12326: Release set to 3.44.2
configure:12342: checking for WASI SDK directory
configure:12365: result: no
configure:12466: checking whether to support threadsafe operation
configure:12474: result: yes
configure:12480: checking for library containing pthread_create
configure:12510: gcc -o conftest -DSQLITE_HAS_CODEC  -lcrypto conftest.c  >&5
/usr/bin/ld: /tmp/ccBRJLfk.o: in function `main':
conftest.c:(.text+0xa): undefined reference to `pthread_create'
collect2: error: ld returned 1 exit status
configure:12510: $? = 1
configure: failed program was:
| /* confdefs.h */
| #define PACKAGE_NAME "sqlcipher"
| #define PACKAGE_TARNAME "sqlcipher"
| #define PACKAGE_VERSION "3.44.2"
| #define PACKAGE_STRING "sqlcipher 3.44.2"
| #define PACKAGE_BUGREPORT ""
| #define PACKAGE_URL ""
| #define HAVE_STDIO_H 1
| #define HAVE_STDLIB_H 1
| #define HAVE_STRING_H 1
| #define HAVE_INTTYPES_H 1
| #define HAVE_STDINT_H 1
| #define HAVE_STRINGS_H 1
| #define HAVE_SYS_STAT_H 1
| #define HAVE_SYS_TYPES_H 1
| #define HAVE_UNISTD_H 1
| #define STDC_HEADERS 1
| #define HAVE_DLFCN_H 1
| #define LT_OBJDIR ".libs/"
| #define HAVE_INT8_T 1
| #define HAVE_INT16_T 1
| #define HAVE_INT32_T 1
| #define HAVE_INT64_T 1
| #define HAVE_INTPTR_T 1
| #define HAVE_UINT8_T 1
| #define HAVE_UINT16_T 1
| #define HAVE_UINT32_T 1
| #define HAVE_UINT64_T 1
| #define HAVE_UINTPTR_T 1
| #define HAVE_SYS_TYPES_H 1
| #define HAVE_STDLIB_H 1
| #define HAVE_STDINT_H 1
| #define HAVE_INTTYPES_H 1
| #define HAVE_MALLOC_H 1
| #define HAVE_FDATASYNC 1
| #define HAVE_GMTIME_R 1
| #define HAVE_ISNAN 1
| #define HAVE_LOCALTIME_R 1
| #define HAVE_MALLOC_USABLE_SIZE 1
| #define HAVE_STRCHRNUL 1
| #define HAVE_USLEEP 1
| #define HAVE_UTIME 1
| #define HAVE_PREAD 1
| #define HAVE_PREAD64 1
| #define HAVE_PWRITE 1
| #define HAVE_PWRITE64 1
| /* end confdefs.h.  */
| 
| /* Override any GCC internal prototype to avoid an error.
|    Use char because int might match the return type of a GCC
|    builtin and then its argument prototype would still apply.  */
| char pthread_create ();
| int
| main (void)
| {
| return pthread_create ();
|   ;
|   return 0;
| }
configure:12510: gcc -o conftest -DSQLITE_HAS_CODEC  -lcrypto conftest.c -lpthread   >&5
configure:12510: $? = 0
configure:12530: result: -lpthread
configure:12539: checking for library containing pthread_mutexattr_init
configure:12569: gcc -o conftest -DSQLITE_HAS_CODEC  -lcrypto conftest.c -lpthread  >&5
configure:12569: $? = 0
configure:12589: result: none required
configure:12610: checking for crypto library to use
configure:12726: result: openssl
configure:12728: checking for HMAC_Init_ex in -lcrypto
configure:12751: gcc -o conftest -DSQLITE_HAS_CODEC -DSQLCIPHER_CRYPTO_OPENSSL  -lcrypto conftest.c -lcrypto  -lpthread  >&5
configure:12751: $? = 0
configure:12761: result: yes
configure:12791: checking whether to allow connections to be shared across threads
configure:12795: result: no
configure:12815: checking whether to support shared library linked as release mode or not
configure:12819: result: no
configure:12839: checking whether to use an in-ram database for temporary tables
configure:12854: result: yes
configure:12876: checking if executables have the .exe suffix
configure:12883: result: unknown
configure:12943: checking for Tcl configuration
configure:13066: result: found /usr/lib/tclConfig.sh
configure:13069: checking for existence of /usr/lib/tclConfig.sh
configure:13072: result: loading
configure:13158: checking for library containing readline
configure:13188: gcc -o conftest -DSQLITE_HAS_CODEC -DSQLCIPHER_CRYPTO_OPENSSL -DSQLITE_OS_UNIX=1  -lcrypto conftest.c  >&5
/usr/bin/ld: /tmp/ccQYTzn9.o: in function `main':
conftest.c:(.text+0xa): undefined reference to `readline'
collect2: error: ld returned 1 exit status
configure:13188: $? = 1
configure: failed program was:
| /* confdefs.h */
| #define PACKAGE_NAME "sqlcipher"
| #define PACKAGE_TARNAME "sqlcipher"
| #define PACKAGE_VERSION "3.44.2"
| #define PACKAGE_STRING "sqlcipher 3.44.2"
| #define PACKAGE_BUGREPORT ""
| #define PACKAGE_URL ""
| #define HAVE_STDIO_H 1
| #define HAVE_STDLIB_H 1
| #define HAVE_STRING_H 1
| #define HAVE_INTTYPES_H 1
| #define HAVE_STDINT_H 1
| #define HAVE_STRINGS_H 1
| #define HAVE_SYS_STAT_H 1
| #define HAVE_SYS_TYPES_H 1
| #define HAVE_UNISTD_H 1
| #define STDC_HEADERS 1
| #define HAVE_DLFCN_H 1
| #define LT_OBJDIR ".libs/"
| #define HAVE_INT8_T 1
| #define HAVE_INT16_T 1
| #define HAVE_INT32_T 1
| #define HAVE_INT64_T 1
| #define HAVE_INTPTR_T 1
| #define HAVE_UINT8_T 1
| #define HAVE_UINT16_T 1
| #define HAVE_UINT32_T 1
| #define HAVE_UINT64_T 1
| #define HAVE_UINTPTR_T 1
| #define HAVE_SYS_TYPES_H 1
| #define HAVE_STDLIB_H 1
| #define HAVE_STDINT_H 1
| #define HAVE_INTTYPES_H 1
| #define HAVE_MALLOC_H 1
| #define HAVE_FDATASYNC 1
| #define HAVE_GMTIME_R 1
| #define HAVE_ISNAN 1
| #define HAVE_LOCALTIME_R 1
| #define HAVE_MALLOC_USABLE_SIZE 1
| #define HAVE_STRCHRNUL 1
| #define HAVE_USLEEP 1
| #define HAVE_UTIME 1
| #define HAVE_PREAD 1
| #define HAVE_PREAD64 1
| #define HAVE_PWRITE 1
| #define HAVE_PWRITE64 1
| #define HAVE_LIBCRYPTO 1
| /* end confdefs.h.  */
| 
| /* Override any GCC internal prototype to avoid an error.
|    Use char because int might match the return type of a GCC
|    builtin and then its argument prototype would still apply.  */
| char readline ();
| int
| main (void)
| {
| return readline ();
|   ;
|   return 0;
| }
configure:13188: gcc -o conftest -DSQLITE_HAS_CODEC -DSQLCIPHER_CRYPTO_OPENSSL -DSQLITE_OS_UNIX=1  -lcrypto conftest.c -ledit   >&5
/usr/bin/ld: cannot find -ledit
collect2: error: ld returned 1 exit status
configure:13188: $? = 1
configure: failed program was:
| /* confdefs.h */
| #define PACKAGE_NAME "sqlcipher"
| #define PACKAGE_TARNAME "sqlcipher"
| #define PACKAGE_VERSION "3.44.2"
| #define PACKAGE_STRING "sqlcipher 3.44.2"
| #define PACKAGE_BUGREPORT ""
| #define PACKAGE_URL ""
| #define HAVE_STDIO_H 1
| #define HAVE_STDLIB_H 1
| #define HAVE_STRING_H 1
| #define HAVE_INTTYPES_H 1
| #define HAVE_STDINT_H 1
| #define HAVE_STRINGS_H 1
| #define HAVE_SYS_STAT_H 1
| #define HAVE_SYS_TYPES_H 1
| #define HAVE_UNISTD_H 1
| #define STDC_HEADERS 1
| #define HAVE_DLFCN_H 1
| #define LT_OBJDIR ".libs/"
| #define HAVE_INT8_T 1
| #define HAVE_INT16_T 1
| #define HAVE_INT32_T 1
| #define HAVE_INT64_T 1
| #define HAVE_INTPTR_T 1
| #define HAVE_UINT8_T 1
| #define HAVE_UINT16_T 1
| #define HAVE_UINT32_T 1
| #define HAVE_UINT64_T 1
| #define HAVE_UINTPTR_T 1
| #define HAVE_SYS_TYPES_H 1
| #define HAVE_STDLIB_H 1
| #define HAVE_STDINT_H 1
| #define HAVE_INTTYPES_H 1
| #define HAVE_MALLOC_H 1
| #define HAVE_FDATASYNC 1
| #define HAVE_GMTIME_R 1
| #define HAVE_ISNAN 1
| #define HAVE_LOCALTIME_R 1
| #define HAVE_MALLOC_USABLE_SIZE 1
| #define HAVE_STRCHRNUL 1
| #define HAVE_USLEEP 1
| #define HAVE_UTIME 1
| #define HAVE_PREAD 1
| #define HAVE_PREAD64 1
| #define HAVE_PWRITE 1
| #define HAVE_PWRITE64 1
| #define HAVE_LIBCRYPTO 1
| /* end confdefs.h.  */
| 
| /* Override any GCC internal prototype to avoid an error.
|    Use char because int might match the return type of a GCC
|    builtin and then its argument prototype would still apply.  */
| char readline ();
| int
| main (void)
| {
| return readline ();
|   ;
|   return 0;
| }
configure:13208: result: no
configure:13237: checking for library containing tgetent
configure:13267: gcc -o conftest -DSQLITE_HAS_CODEC -DSQLCIPHER_CRYPTO_OPENSSL -DSQLITE_OS_UNIX=1  -lcrypto conftest.c  >&5
/usr/bin/ld: /tmp/ccsrLjXf.o: in function `main':
conftest.c:(.text+0xa): undefined reference to `tgetent'
collect2: error: ld returned 1 exit status
configure:13267: $? = 1
configure: failed program was:
| /* confdefs.h */
| #define PACKAGE_NAME "sqlcipher"
| #define PACKAGE_TARNAME "sqlcipher"
| #define PACKAGE_VERSION "3.44.2"
| #define PACKAGE_STRING "sqlcipher 3.44.2"
| #define PACKAGE_BUGREPORT ""
| #define PACKAGE_URL ""
| #define HAVE_STDIO_H 1
| #define HAVE_STDLIB_H 1
| #define HAVE_STRING_H 1
| #define HAVE_INTTYPES_H 1
| #define HAVE_STDINT_H 1
| #define HAVE_STRINGS_H 1
| #define HAVE_SYS_STAT_H 1
| #define HAVE_SYS_TYPES_H 1
| #define HAVE_UNISTD_H 1
| #define STDC_HEADERS 1
| #define HAVE_DLFCN_H 1
| #define LT_OBJDIR ".libs/"
| #define HAVE_INT8_T 1
| #define HAVE_INT16_T 1
| #define HAVE_INT32_T 1
| #define HAVE_INT64_T 1
| #define HAVE_INTPTR_T 1
| #define HAVE_UINT8_T 1
| #define HAVE_UINT16_T 1
| #define HAVE_UINT32_T 1
| #define HAVE_UINT64_T 1
| #define HAVE_UINTPTR_T 1
| #define HAVE_SYS_TYPES_H 1
| #define HAVE_STDLIB_H 1
| #define HAVE_STDINT_H 1
| #define HAVE_INTTYPES_H 1
| #define HAVE_MALLOC_H 1
| #define HAVE_FDATASYNC 1
| #define HAVE_GMTIME_R 1
| #define HAVE_ISNAN 1
| #define HAVE_LOCALTIME_R 1
| #define HAVE_MALLOC_USABLE_SIZE 1
| #define HAVE_STRCHRNUL 1
| #define HAVE_USLEEP 1
| #define HAVE_UTIME 1
| #define HAVE_PREAD 1
| #define HAVE_PREAD64 1
| #define HAVE_PWRITE 1
| #define HAVE_PWRITE64 1
| #define HAVE_LIBCRYPTO 1
| /* end confdefs.h.  */
| 
| /* Override any GCC internal prototype to avoid an error.
|    Use char because int might match the return type of a GCC
|    builtin and then its argument prototype would still apply.  */
| char tgetent ();
| int
| main (void)
| {
| return tgetent ();
|   ;
|   return 0;
| }
configure:13267: gcc -o conftest -DSQLITE_HAS_CODEC -DSQLCIPHER_CRYPTO_OPENSSL -DSQLITE_OS_UNIX=1  -lcrypto conftest.c -lreadline   >&5
/usr/bin/ld: /tmp/ccYxZwgd.o: in function `main':
conftest.c:(.text+0xa): undefined reference to `tgetent'
collect2: error: ld returned 1 exit status
configure:13267: $? = 1
configure: failed program was:
| /* confdefs.h */
| #define PACKAGE_NAME "sqlcipher"
| #define PACKAGE_TARNAME "sqlcipher"
| #define PACKAGE_VERSION "3.44.2"
| #define PACKAGE_STRING "sqlcipher 3.44.2"
| #define PACKAGE_BUGREPORT ""
| #define PACKAGE_URL ""
| #define HAVE_STDIO_H 1
| #define HAVE_STDLIB_H 1
| #define HAVE_STRING_H 1
| #define HAVE_INTTYPES_H 1
| #define HAVE_STDINT_H 1
| #define HAVE_STRINGS_H 1
| #define HAVE_SYS_STAT_H 1
| #define HAVE_SYS_TYPES_H 1
| #define HAVE_UNISTD_H 1
| #define STDC_HEADERS 1
| #define HAVE_DLFCN_H 1
| #define LT_OBJDIR ".libs/"
| #define HAVE_INT8_T 1
| #define HAVE_INT16_T 1
| #define HAVE_INT32_T 1
| #define HAVE_INT64_T 1
| #define HAVE_INTPTR_T 1
| #define HAVE_UINT8_T 1
| #define HAVE_UINT16_T 1
| #define HAVE_UINT32_T 1
| #define HAVE_UINT64_T 1
| #define HAVE_UINTPTR_T 1
| #define HAVE_SYS_TYPES_H 1
| #define HAVE_STDLIB_H 1
| #define HAVE_STDINT_H 1
| #define HAVE_INTTYPES_H 1
| #define HAVE_MALLOC_H 1
| #define HAVE_FDATASYNC 1
| #define HAVE_GMTIME_R 1
| #define HAVE_ISNAN 1
| #define HAVE_LOCALTIME_R 1
| #define HAVE_MALLOC_USABLE_SIZE 1
| #define HAVE_STRCHRNUL 1
| #define HAVE_USLEEP 1
| #define HAVE_UTIME 1
| #define HAVE_PREAD 1
| #define HAVE_PREAD64 1
| #define HAVE_PWRITE 1
| #define HAVE_PWRITE64 1
| #define HAVE_LIBCRYPTO 1
| /* end confdefs.h.  */
| 
| /* Override any GCC internal prototype to avoid an error.
|    Use char because int might match the return type of a GCC
|    builtin and then its argument prototype would still apply.  */
| char tgetent ();
| int
| main (void)
| {
| return tgetent ();
|   ;
|   return 0;
| }
configure:13267: gcc -o conftest -DSQLITE_HAS_CODEC -DSQLCIPHER_CRYPTO_OPENSSL -DSQLITE_OS_UNIX=1  -lcrypto conftest.c -lncurses   >&5
configure:13267: $? = 0
configure:13287: result: -lncurses
configure:13298: checking for readline in -lreadline
configure:13321: gcc -o conftest -DSQLITE_HAS_CODEC -DSQLCIPHER_CRYPTO_OPENSSL -DSQLITE_OS_UNIX=1  -lcrypto conftest.c -lreadline  -lncurses  >&5
configure:13321: $? = 0
configure:13331: result: yes
configure:13356: checking for readline.h
configure:13356: gcc -c -DSQLITE_HAS_CODEC -DSQLCIPHER_CRYPTO_OPENSSL -DSQLITE_OS_UNIX=1  conftest.c >&5
conftest.c:77:10: fatal error: readline.h: No such file or directory
   77 | #include <readline.h>
      |          ^~~~~~~~~~~~
compilation terminated.
configure:13356: $? = 1
configure: failed program was:
| /* confdefs.h */
| #define PACKAGE_NAME "sqlcipher"
| #define PACKAGE_TARNAME "sqlcipher"
| #define PACKAGE_VERSION "3.44.2"
| #define PACKAGE_STRING "sqlcipher 3.44.2"
| #define PACKAGE_BUGREPORT ""
| #define PACKAGE_URL ""
| #define HAVE_STDIO_H 1
| #define HAVE_STDLIB_H 1
| #define HAVE_STRING_H 1
| #define HAVE_INTTYPES_H 1
| #define HAVE_STDINT_H 1
| #define HAVE_STRINGS_H 1
| #define HAVE_SYS_STAT_H 1
| #define HAVE_SYS_TYPES_H 1
| #define HAVE_UNISTD_H 1
| #define STDC_HEADERS 1
| #define HAVE_DLFCN_H 1
| #define LT_OBJDIR ".libs/"
| #define HAVE_INT8_T 1
| #define HAVE_INT16_T 1
| #define HAVE_INT32_T 1
| #define HAVE_INT64_T 1
| #define HAVE_INTPTR_T 1
| #define HAVE_UINT8_T 1
| #define HAVE_UINT16_T 1
| #define HAVE_UINT32_T 1
| #define HAVE_UINT64_T 1
| #define HAVE_UINTPTR_T 1
| #define HAVE_SYS_TYPES_H 1
| #define HAVE_STDLIB_H 1
| #define HAVE_STDINT_H 1
| #define HAVE_INTTYPES_H 1
| #define HAVE_MALLOC_H 1
| #define HAVE_FDATASYNC 1
| #define HAVE_GMTIME_R 1
| #define HAVE_ISNAN 1
| #define HAVE_LOCALTIME_R 1
| #define HAVE_MALLOC_USABLE_SIZE 1
| #define HAVE_STRCHRNUL 1
| #define HAVE_USLEEP 1
| #define HAVE_UTIME 1
| #define HAVE_PREAD 1
| #define HAVE_PREAD64 1
| #define HAVE_PWRITE 1
| #define HAVE_PWRITE64 1
| #define HAVE_LIBCRYPTO 1
| /* end confdefs.h.  */
| #include <stddef.h>
| #ifdef HAVE_STDIO_H
| # include <stdio.h>
| #endif
| #ifdef HAVE_STDLIB_H
| # include <stdlib.h>
| #endif
| #ifdef HAVE_STRING_H
| # include <string.h>
| #endif
| #ifdef HAVE_INTTYPES_H
| # include <inttypes.h>
| #endif
| #ifdef HAVE_STDINT_H
| # include <stdint.h>
| #endif
| #ifdef HAVE_STRINGS_H
| # include <strings.h>
| #endif
| #ifdef HAVE_SYS_TYPES_H
| # include <sys/types.h>
| #endif
| #ifdef HAVE_SYS_STAT_H
| # include <sys/stat.h>
| #endif
| #ifdef HAVE_UNISTD_H
| # include <unistd.h>
| #endif
| #include <readline.h>
configure:13356: result: no
configure:13367: checking for /usr/include/readline.h
configure:13382: result: no
configure:13367: checking for /usr/include/readline/readline.h
configure:13382: result: yes
configure:13444: checking for library containing fdatasync
configure:13474: gcc -o conftest -DSQLITE_HAS_CODEC -DSQLCIPHER_CRYPTO_OPENSSL -DSQLITE_OS_UNIX=1  -lcrypto conftest.c -lcrypto -lpthread  >&5
configure:13474: $? = 0
configure:13494: result: none required
configure:13512: checking build type
configure:13520: result: release
configure:13559: checking for zlib.h
configure:13559: gcc -c -DSQLITE_HAS_CODEC -DSQLCIPHER_CRYPTO_OPENSSL -DSQLITE_OS_UNIX=1  conftest.c >&5
configure:13559: $? = 0
configure:13559: result: yes
configure:13566: checking for library containing deflate
configure:13596: gcc -o conftest -DSQLITE_HAS_CODEC -DSQLCIPHER_CRYPTO_OPENSSL -DSQLITE_OS_UNIX=1  -lcrypto conftest.c -lcrypto -lpthread  >&5
/usr/bin/ld: /tmp/ccM2SmCw.o: in function `main':
conftest.c:(.text+0xa): undefined reference to `deflate'
collect2: error: ld returned 1 exit status
configure:13596: $? = 1
configure: failed program was:
| /* confdefs.h */
| #define PACKAGE_NAME "sqlcipher"
| #define PACKAGE_TARNAME "sqlcipher"
| #define PACKAGE_VERSION "3.44.2"
| #define PACKAGE_STRING "sqlcipher 3.44.2"
| #define PACKAGE_BUGREPORT ""
| #define PACKAGE_URL ""
| #define HAVE_STDIO_H 1
| #define HAVE_STDLIB_H 1
| #define HAVE_STRING_H 1
| #define HAVE_INTTYPES_H 1
| #define HAVE_STDINT_H 1
| #define HAVE_STRINGS_H 1
| #define HAVE_SYS_STAT_H 1
| #define HAVE_SYS_TYPES_H 1
| #define HAVE_UNISTD_H 1
| #define STDC_HEADERS 1
| #define HAVE_DLFCN_H 1
| #define LT_OBJDIR ".libs/"
| #define HAVE_INT8_T 1
| #define HAVE_INT16_T 1
| #define HAVE_INT32_T 1
| #define HAVE_INT64_T 1
| #define HAVE_INTPTR_T 1
| #define HAVE_UINT8_T 1
| #define HAVE_UINT16_T 1
| #define HAVE_UINT32_T 1
| #define HAVE_UINT64_T 1
| #define HAVE_UINTPTR_T 1
| #define HAVE_SYS_TYPES_H 1
| #define HAVE_STDLIB_H 1
| #define HAVE_STDINT_H 1
| #define HAVE_INTTYPES_H 1
| #define HAVE_MALLOC_H 1
| #define HAVE_FDATASYNC 1
| #define HAVE_GMTIME_R 1
| #define HAVE_ISNAN 1
| #define HAVE_LOCALTIME_R 1
| #define HAVE_MALLOC_USABLE_SIZE 1
| #define HAVE_STRCHRNUL 1
| #define HAVE_USLEEP 1
| #define HAVE_UTIME 1
| #define HAVE_PREAD 1
| #define HAVE_PREAD64 1
| #define HAVE_PWRITE 1
| #define HAVE_PWRITE64 1
| #define HAVE_LIBCRYPTO 1
| #define HAVE_ZLIB_H 1
| /* end confdefs.h.  */
| 
| /* Override any GCC internal prototype to avoid an error.
|    Use char because int might match the return type of a GCC
|    builtin and then its argument prototype would still apply.  */
| char deflate ();
| int
| main (void)
| {
| return deflate ();
|   ;
|   return 0;
| }
configure:13596: gcc -o conftest -DSQLITE_HAS_CODEC -DSQLCIPHER_CRYPTO_OPENSSL -DSQLITE_OS_UNIX=1  -lcrypto conftest.c -lz  -lcrypto -lpthread  >&5
configure:13596: $? = 0
configure:13616: result: -lz
configure:13641: checking for library containing dlopen
configure:13671: gcc -o conftest -DSQLITE_HAS_CODEC -DSQLCIPHER_CRYPTO_OPENSSL -DSQLITE_OS_UNIX=1  -lcrypto conftest.c -lz -lcrypto -lpthread  >&5
/usr/bin/ld: /tmp/ccqQFy2j.o: in function `main':
conftest.c:(.text+0xa): undefined reference to `dlopen'
collect2: error: ld returned 1 exit status
configure:13671: $? = 1
configure: failed program was:
| /* confdefs.h */
| #define PACKAGE_NAME "sqlcipher"
| #define PACKAGE_TARNAME "sqlcipher"
| #define PACKAGE_VERSION "3.44.2"
| #define PACKAGE_STRING "sqlcipher 3.44.2"
| #define PACKAGE_BUGREPORT ""
| #define PACKAGE_URL ""
| #define HAVE_STDIO_H 1
| #define HAVE_STDLIB_H 1
| #define HAVE_STRING_H 1
| #define HAVE_INTTYPES_H 1
| #define HAVE_STDINT_H 1
| #define HAVE_STRINGS_H 1
| #define HAVE_SYS_STAT_H 1
| #define HAVE_SYS_TYPES_H 1
| #define HAVE_UNISTD_H 1
| #define STDC_HEADERS 1
| #define HAVE_DLFCN_H 1
| #define LT_OBJDIR ".libs/"
| #define HAVE_INT8_T 1
| #define HAVE_INT16_T 1
| #define HAVE_INT32_T 1
| #define HAVE_INT64_T 1
| #define HAVE_INTPTR_T 1
| #define HAVE_UINT8_T 1
| #define HAVE_UINT16_T 1
| #define HAVE_UINT32_T 1
| #define HAVE_UINT64_T 1
| #define HAVE_UINTPTR_T 1
| #define HAVE_SYS_TYPES_H 1
| #define HAVE_STDLIB_H 1
| #define HAVE_STDINT_H 1
| #define HAVE_INTTYPES_H 1
| #define HAVE_MALLOC_H 1
| #define HAVE_FDATASYNC 1
| #define HAVE_GMTIME_R 1
| #define HAVE_ISNAN 1
| #define HAVE_LOCALTIME_R 1
| #define HAVE_MALLOC_USABLE_SIZE 1
| #define HAVE_STRCHRNUL 1
| #define HAVE_USLEEP 1
| #define HAVE_UTIME 1
| #define HAVE_PREAD 1
| #define HAVE_PREAD64 1
| #define HAVE_PWRITE 1
| #define HAVE_PWRITE64 1
| #define HAVE_LIBCRYPTO 1
| #define HAVE_ZLIB_H 1
| /* end confdefs.h.  */
| 
| /* Override any GCC internal prototype to avoid an error.
|    Use char because int might match the return type of a GCC
|    builtin and then its argument prototype would still apply.  */
| char dlopen ();
| int
| main (void)
| {
| return dlopen ();
|   ;
|   return 0;
| }
configure:13671: gcc -o conftest -DSQLITE_HAS_CODEC -DSQLCIPHER_CRYPTO_OPENSSL -DSQLITE_OS_UNIX=1  -lcrypto conftest.c -ldl  -lz -lcrypto -lpthread  >&5
configure:13671: $? = 0
configure:13691: result: -ldl
configure:13713: checking whether to support math functions
configure:13719: result: yes
configure:13722: checking for library containing ceil
configure:13752: gcc -o conftest -DSQLITE_HAS_CODEC -DSQLCIPHER_CRYPTO_OPENSSL -DSQLITE_OS_UNIX=1  -lcrypto conftest.c -ldl -lz -lcrypto -lpthread  >&5
conftest.c:54:6: warning: conflicting types for built-in function 'ceil'; expected 'double(double)' [-Wbuiltin-declaration-mismatch]
   54 | char ceil ();
      |      ^~~~
conftest.c:1:1: note: 'ceil' is declared in header '<math.h>'
    1 | /* confdefs.h */
/usr/bin/ld: /tmp/ccFGKOq8.o: in function `main':
conftest.c:(.text+0xa): undefined reference to `ceil'
collect2: error: ld returned 1 exit status
configure:13752: $? = 1
configure: failed program was:
| /* confdefs.h */
| #define PACKAGE_NAME "sqlcipher"
| #define PACKAGE_TARNAME "sqlcipher"
| #define PACKAGE_VERSION "3.44.2"
| #define PACKAGE_STRING "sqlcipher 3.44.2"
| #define PACKAGE_BUGREPORT ""
| #define PACKAGE_URL ""
| #define HAVE_STDIO_H 1
| #define HAVE_STDLIB_H 1
| #define HAVE_STRING_H 1
| #define HAVE_INTTYPES_H 1
| #define HAVE_STDINT_H 1
| #define HAVE_STRINGS_H 1
| #define HAVE_SYS_STAT_H 1
| #define HAVE_SYS_TYPES_H 1
| #define HAVE_UNISTD_H 1
| #define STDC_HEADERS 1
| #define HAVE_DLFCN_H 1
| #define LT_OBJDIR ".libs/"
| #define HAVE_INT8_T 1
| #define HAVE_INT16_T 1
| #define HAVE_INT32_T 1
| #define HAVE_INT64_T 1
| #define HAVE_INTPTR_T 1
| #define HAVE_UINT8_T 1
| #define HAVE_UINT16_T 1
| #define HAVE_UINT32_T 1
| #define HAVE_UINT64_T 1
| #define HAVE_UINTPTR_T 1
| #define HAVE_SYS_TYPES_H 1
| #define HAVE_STDLIB_H 1
| #define HAVE_STDINT_H 1
| #define HAVE_INTTYPES_H 1
| #define HAVE_MALLOC_H 1
| #define HAVE_FDATASYNC 1
| #define HAVE_GMTIME_R 1
| #define HAVE_ISNAN 1
| #define HAVE_LOCALTIME_R 1
| #define HAVE_MALLOC_USABLE_SIZE 1
| #define HAVE_STRCHRNUL 1
| #define HAVE_USLEEP 1
| #define HAVE_UTIME 1
| #define HAVE_PREAD 1
| #define HAVE_PREAD64 1
| #define HAVE_PWRITE 1
| #define HAVE_PWRITE64 1
| #define HAVE_LIBCRYPTO 1
| #define HAVE_ZLIB_H 1
| /* end confdefs.h.  */
| 
| /* Override any GCC internal prototype to avoid an error.
|    Use char because int might match the return type of a GCC
|    builtin and then its argument prototype would still apply.  */
| char ceil ();
| int
| main (void)
| {
| return ceil ();
|   ;
|   return 0;
| }
configure:13752: gcc -o conftest -DSQLITE_HAS_CODEC -DSQLCIPHER_CRYPTO_OPENSSL -DSQLITE_OS_UNIX=1  -lcrypto conftest.c -lm  -ldl -lz -lcrypto -lpthread  >&5
conftest.c:54:6: warning: conflicting types for built-in function 'ceil'; expected 'double(double)' [-Wbuiltin-declaration-mismatch]
   54 | char ceil ();
      |      ^~~~
conftest.c:1:1: note: 'ceil' is declared in header '<math.h>'
    1 | /* confdefs.h */
configure:13752: $? = 0
configure:13772: result: -lm
configure:13792: checking whether to support JSON functions
configure:13799: result: yes
configure:13822: checking whether to support MEMSYS5
configure:13829: result: no
configure:13838: checking whether to support MEMSYS3
configure:13845: result: no
configure:13857: checking whether to support FTS3
configure:13864: result: no
configure:13873: checking whether to support FTS4
configure:13939: result: no
configure:13948: checking whether to support FTS5
configure:14014: result: no
configure:14027: checking whether to support LIMIT on UPDATE and DELETE statements
configure:14034: result: no
configure:14048: checking whether to support GEOPOLY
configure:14056: result: no
configure:14068: checking whether to support RTREE
configure:14075: result: no
configure:14087: checking whether to support SESSION
configure:14095: result: no
configure:14294: creating ./config.status

## ---------------------- ##
## Running config.status. ##
## ---------------------- ##

This file was extended by sqlcipher config.status 3.44.2, which was
generated by GNU Autoconf 2.71.  Invocation command line was

  CONFIG_FILES    = 
  CONFIG_HEADERS  = 
  CONFIG_LINKS    = 
  CONFIG_COMMANDS = 
  $ ./config.status 

on DESKTOP-BFN6BA9

config.status:1107: creating Makefile
config.status:1107: creating sqlcipher.pc
config.status:1107: creating sqlite_cfg.h
config.status:1296: executing libtool commands

## ---------------- ##
## Cache variables. ##
## ---------------- ##

ac_cv_build=x86_64-pc-linux-gnu
ac_cv_c_compiler_gnu=yes
ac_cv_c_tclconfig=/usr/lib
ac_cv_env_CC_set=
ac_cv_env_CC_value=
ac_cv_env_CFLAGS_set=set
ac_cv_env_CFLAGS_value=-DSQLITE_HAS_CODEC
ac_cv_env_CPPFLAGS_set=
ac_cv_env_CPPFLAGS_value=
ac_cv_env_LDFLAGS_set=set
ac_cv_env_LDFLAGS_value=-lcrypto
ac_cv_env_LIBS_set=
ac_cv_env_LIBS_value=
ac_cv_env_LT_SYS_LIBRARY_PATH_set=
ac_cv_env_LT_SYS_LIBRARY_PATH_value=
ac_cv_env_TCLLIBDIR_set=
ac_cv_env_TCLLIBDIR_value=
ac_cv_env_amalgamation_line_macros_set=
ac_cv_env_amalgamation_line_macros_value=
ac_cv_env_build_alias_set=
ac_cv_env_build_alias_value=
ac_cv_env_host_alias_set=
ac_cv_env_host_alias_value=
ac_cv_env_target_alias_set=
ac_cv_env_target_alias_value=
ac_cv_file__usr_include_readline_h=no
ac_cv_file__usr_include_readline_readline_h=yes
ac_cv_func_fdatasync=yes
ac_cv_func_gmtime_r=yes
ac_cv_func_isnan=yes
ac_cv_func_localtime_r=yes
ac_cv_func_localtime_s=no
ac_cv_func_malloc_usable_size=yes
ac_cv_func_pread64=yes
ac_cv_func_pread=yes
ac_cv_func_pwrite64=yes
ac_cv_func_pwrite=yes
ac_cv_func_strchrnul=yes
ac_cv_func_usleep=yes
ac_cv_func_utime=yes
ac_cv_header_dlfcn_h=yes
ac_cv_header_inttypes_h=yes
ac_cv_header_malloc_h=yes
ac_cv_header_readline_h=no
ac_cv_header_stdint_h=yes
ac_cv_header_stdio_h=yes
ac_cv_header_stdlib_h=yes
ac_cv_header_string_h=yes
ac_cv_header_strings_h=yes
ac_cv_header_sys_stat_h=yes
ac_cv_header_sys_types_h=yes
ac_cv_header_unistd_h=yes
ac_cv_header_zlib_h=yes
ac_cv_host=x86_64-pc-linux-gnu
ac_cv_lib_crypto_HMAC_Init_ex=yes
ac_cv_lib_readline_readline=yes
ac_cv_objext=o
ac_cv_path_EGREP='/bin/grep -E'
ac_cv_path_FGREP='/bin/grep -F'
ac_cv_path_GREP=/bin/grep
ac_cv_path_SED=/bin/sed
ac_cv_path_install='/usr/bin/install -c'
ac_cv_path_lt_DD=/bin/dd
ac_cv_prog_AWK=mawk
ac_cv_prog_TCLSH_CMD=tclsh8.6
ac_cv_prog_ac_ct_AR=ar
ac_cv_prog_ac_ct_CC=gcc
ac_cv_prog_ac_ct_MANIFEST_TOOL=mt
ac_cv_prog_ac_ct_OBJDUMP=objdump
ac_cv_prog_ac_ct_RANLIB=ranlib
ac_cv_prog_ac_ct_STRIP=strip
ac_cv_prog_cc_c11=
ac_cv_prog_cc_g=yes
ac_cv_prog_cc_stdc=
ac_cv_search_ceil=-lm
ac_cv_search_deflate=-lz
ac_cv_search_dlopen=-ldl
ac_cv_search_fdatasync='none required'
ac_cv_search_pthread_create=-lpthread
ac_cv_search_pthread_mutexattr_init='none required'
ac_cv_search_readline=no
ac_cv_search_tgetent=-lncurses
ac_cv_sys_file_offset_bits=no
ac_cv_sys_largefile_CC=no
ac_cv_type_int16_t=yes
ac_cv_type_int32_t=yes
ac_cv_type_int64_t=yes
ac_cv_type_int8_t=yes
ac_cv_type_intptr_t=yes
ac_cv_type_uint16_t=yes
ac_cv_type_uint32_t=yes
ac_cv_type_uint64_t=yes
ac_cv_type_uint8_t=yes
ac_cv_type_uintptr_t=yes
lt_cv_ar_at_file=@
lt_cv_archive_cmds_need_lc=no
lt_cv_deplibs_check_method=pass_all
lt_cv_file_magic_cmd='$MAGIC_CMD'
lt_cv_file_magic_test_file=
lt_cv_ld_reload_flag=-r
lt_cv_nm_interface='BSD nm'
lt_cv_objdir=.libs
lt_cv_path_LD=/usr/bin/ld
lt_cv_path_NM='/usr/bin/nm -B'
lt_cv_path_mainfest_tool=no
lt_cv_prog_compiler_c_o=yes
lt_cv_prog_compiler_pic='-fPIC -DPIC'
lt_cv_prog_compiler_pic_works=yes
lt_cv_prog_compiler_rtti_exceptions=no
lt_cv_prog_compiler_static_works=yes
lt_cv_prog_gnu_ld=yes
lt_cv_sharedlib_from_linklib_cmd='printf %s\n'
lt_cv_shlibpath_overrides_runpath=yes
lt_cv_sys_global_symbol_pipe='sed -n -e '\''s/^.*[	 ]\([ABCDGIRSTW][ABCDGIRSTW]*\)[	 ][	 ]*\([_A-Za-z][_A-Za-z0-9]*\)$/\1 \2 \2/p'\'' | sed '\''/ __gnu_lto/d'\'''
lt_cv_sys_global_symbol_to_c_name_address='sed -n -e '\''s/^: \(.*\) .*$/  {"\1", (void *) 0},/p'\'' -e '\''s/^[ABCDGIRSTW][ABCDGIRSTW]* .* \(.*\)$/  {"\1", (void *) \&\1},/p'\'''
lt_cv_sys_global_symbol_to_c_name_address_lib_prefix='sed -n -e '\''s/^: \(.*\) .*$/  {"\1", (void *) 0},/p'\'' -e '\''s/^[ABCDGIRSTW][ABCDGIRSTW]* .* \(lib.*\)$/  {"\1", (void *) \&\1},/p'\'' -e '\''s/^[ABCDGIRSTW][ABCDGIRSTW]* .* \(.*\)$/  {"lib\1", (void *) \&\1},/p'\'''
lt_cv_sys_global_symbol_to_cdecl='sed -n -e '\''s/^T .* \(.*\)$/extern int \1();/p'\'' -e '\''s/^[ABCDGIRSTW][ABCDGIRSTW]* .* \(.*\)$/extern char \1;/p'\'''
lt_cv_sys_global_symbol_to_import=
lt_cv_sys_max_cmd_len=1572864
lt_cv_to_host_file_cmd=func_convert_file_noop
lt_cv_to_tool_file_cmd=func_convert_file_noop
lt_cv_truncate_bin='/bin/dd bs=4096 count=1'

## ----------------- ##
## Output variables. ##
## ----------------- ##

ALLOWRELEASE=''
AMALGAMATION_LINE_MACROS='--linemacros=0'
AR='ar'
AWK='mawk'
BUILD_CC='gcc'
BUILD_CFLAGS=' -DSQLITE_HAS_CODEC -DSQLCIPHER_CRYPTO_OPENSSL'
BUILD_EXEEXT=''
CC='gcc'
CFLAGS=' -DSQLITE_HAS_CODEC -DSQLCIPHER_CRYPTO_OPENSSL -DSQLITE_OS_UNIX=1'
CPPFLAGS=''
DEFS='-DHAVE_CONFIG_H'
DLLTOOL='false'
DSYMUTIL=''
DUMPBIN=''
ECHO_C=''
ECHO_N='-n'
ECHO_T=''
EGREP='/bin/grep -E'
EXEEXT=''
FGREP='/bin/grep -F'
GREP='/bin/grep'
HAVE_TCL='1'
HAVE_WASI_SDK=''
HAVE_ZLIB='-DSQLITE_HAVE_ZLIB=1'
INSTALL_DATA='${INSTALL} -m 644'
INSTALL_PROGRAM='${INSTALL}'
INSTALL_SCRIPT='${INSTALL}'
LD='/usr/bin/ld -m elf_x86_64'
LDFLAGS='-lcrypto'
LIBOBJS=''
LIBS='-lm -ldl -lz -lcrypto -lpthread '
LIBTOOL='$(SHELL) $(top_builddir)/libtool'
LIPO=''
LN_S='cp -pR'
LTLIBOBJS=''
LT_SYS_LIBRARY_PATH=''
MANIFEST_TOOL=':'
NM='/usr/bin/nm -B'
NMEDIT=''
OBJDUMP='objdump'
OBJEXT='o'
OPT_FEATURE_FLAGS=' -DSQLITE_ENABLE_MATH_FUNCTIONS'
OTOOL64=''
OTOOL=''
PACKAGE_BUGREPORT=''
PACKAGE_NAME='sqlcipher'
PACKAGE_STRING='sqlcipher 3.44.2'
PACKAGE_TARNAME='sqlcipher'
PACKAGE_URL=''
PACKAGE_VERSION='3.44.2'
PATH_SEPARATOR=':'
RANLIB='ranlib'
RELEASE='3.44.2'
SED='/bin/sed'
SHELL='/bin/bash'
SQLITE_OS_UNIX='1'
SQLITE_OS_WIN='0'
SQLITE_THREADSAFE='1'
STRIP='strip'
TARGET_DEBUG='-DNDEBUG'
TARGET_EXEEXT=''
TARGET_HAVE_EDITLINE='0'
TARGET_HAVE_LINENOISE='0'
TARGET_HAVE_READLINE='1'
TARGET_READLINE_INC='-I/usr/include/readline'
TARGET_READLINE_LIBS='-lreadline -lncurses '
TCLLIBDIR='/usr/share/tcltk/tcl8.6/sqlite3'
TCLSH_CMD='tclsh8.6'
TCL_BIN_DIR='/usr/lib'
TCL_INCLUDE_SPEC='-I/usr/include/tcl8.6'
TCL_LIB_FILE='libtcl8.6.so'
TCL_LIB_FLAG='-ltcl8.6'
TCL_LIB_SPEC='-L/usr/lib/x86_64-linux-gnu -ltcl8.6'
TCL_SHLIB_SUFFIX='.so'
TCL_SRC_DIR='/usr/include/tcl8.6/tcl-private'
TCL_STUB_LIB_FILE='libtclstub8.6.a'
TCL_STUB_LIB_FLAG='-ltclstub8.6'
TCL_STUB_LIB_SPEC='-L/usr/lib/x86_64-linux-gnu -ltclstub8.6'
TCL_VERSION='8.6'
TEMP_STORE='2'
USE_AMALGAMATION='1'
USE_GCOV='0'
VERSION='3.44'
XTHREADCONNECT=''
ac_ct_AR='ar'
ac_ct_CC='gcc'
ac_ct_DUMPBIN=''
amalgamation_line_macros=''
bindir='${exec_prefix}/bin'
build='x86_64-pc-linux-gnu'
build_alias=''
build_cpu='x86_64'
build_os='linux-gnu'
build_vendor='pc'
datadir='${datarootdir}'
datarootdir='${prefix}/share'
docdir='${datarootdir}/doc/${PACKAGE_TARNAME}'
dvidir='${docdir}'
exec_prefix='${prefix}'
host='x86_64-pc-linux-gnu'
host_alias=''
host_cpu='x86_64'
host_os='linux-gnu'
host_vendor='pc'
htmldir='${docdir}'
includedir='${prefix}/include'
infodir='${datarootdir}/info'
libdir='${exec_prefix}/lib'
libexecdir='${exec_prefix}/libexec'
localedir='${datarootdir}/locale'
localstatedir='${prefix}/var'
mandir='${datarootdir}/man'
oldincludedir='/usr/include'
pdfdir='${docdir}'
prefix='/usr/local'
program_prefix=''
program_transform_name='s,x,x,'
psdir='${docdir}'
runstatedir='${localstatedir}/run'
sbindir='${exec_prefix}/sbin'
sharedstatedir='${prefix}/com'
sysconfdir='${prefix}/etc'
target_alias=''

## ----------- ##
## confdefs.h. ##
## ----------- ##

/* confdefs.h */
#define PACKAGE_NAME "sqlcipher"
#define PACKAGE_TARNAME "sqlcipher"
#define PACKAGE_VERSION "3.44.2"
#define PACKAGE_STRING "sqlcipher 3.44.2"
#define PACKAGE_BUGREPORT ""
#define PACKAGE_URL ""
#define HAVE_STDIO_H 1
#define HAVE_STDLIB_H 1
#define HAVE_STRING_H 1
#define HAVE_INTTYPES_H 1
#define HAVE_STDINT_H 1
#define HAVE_STRINGS_H 1
#define HAVE_SYS_STAT_H 1
#define HAVE_SYS_TYPES_H 1
#define HAVE_UNISTD_H 1
#define STDC_HEADERS 1
#define HAVE_DLFCN_H 1
#define LT_OBJDIR ".libs/"
#define HAVE_INT8_T 1
#define HAVE_INT16_T 1
#define HAVE_INT32_T 1
#define HAVE_INT64_T 1
#define HAVE_INTPTR_T 1
#define HAVE_UINT8_T 1
#define HAVE_UINT16_T 1
#define HAVE_UINT32_T 1
#define HAVE_UINT64_T 1
#define HAVE_UINTPTR_T 1
#define HAVE_SYS_TYPES_H 1
#define HAVE_STDLIB_H 1
#define HAVE_STDINT_H 1
#define HAVE_INTTYPES_H 1
#define HAVE_MALLOC_H 1
#define HAVE_FDATASYNC 1
#define HAVE_GMTIME_R 1
#define HAVE_ISNAN 1
#define HAVE_LOCALTIME_R 1
#define HAVE_MALLOC_USABLE_SIZE 1
#define HAVE_STRCHRNUL 1
#define HAVE_USLEEP 1
#define HAVE_UTIME 1
#define HAVE_PREAD 1
#define HAVE_PREAD64 1
#define HAVE_PWRITE 1
#define HAVE_PWRITE64 1
#define HAVE_LIBCRYPTO 1
#define HAVE_ZLIB_H 1

configure: exit 0
